    1  passwd
    2  yes
    3  wget www.github.com
    4  wget.github.com
    5  wget www.github.com
    6  git clone https://github.com/billyfpm/repository.git
    7  git remote add origin https://github.com/billyfpm/cs131.git
    8  git branch -M main
    9  wget www.github.com
   10  history > cmds.log
   11  git remote add origin git@github.com:billyfpm/Worksheet1.git
   12  wget www.github.com
   13  history > cmds.log
   14  git add cmds.log
   15  git clomne https://github.com/billyfpm/cs131.git
   16  git clone https://github.com/billyfpm/cs131.git
   17  cd cs131
   18  cd Worksheet1
   19  mkdir Worksheet1
   20  cd Worksheet1
   21  history >cmds.log
